<?xml version="1.0" encoding="UTF-8"?>
<robot generator="Robot 5.0.1 (Python 3.10.5 on win32)" generated="20220922 14:37:25.670" rpa="false" schemaversion="3">
<suite id="s1" name="Callinglibrary" source="C:\Final_Framework\RobotFramework_LTI\callinglibrary.robot">
<test id="s1-t1" name="Example of Testcase which is calling custom python libarary" line="10">
<kw name="Add Two Number" library="customlibarypython">
<var>${a}</var>
<arg>10</arg>
<arg>20</arg>
<msg timestamp="20220922 14:37:25.714" level="INFO">${a} = 1020</msg>
<status status="PASS" starttime="20220922 14:37:25.714" endtime="20220922 14:37:25.714"/>
</kw>
<kw name="Log To Console" library="BuiltIn">
<arg>${a}</arg>
<doc>Logs the given message to the console.</doc>
<status status="PASS" starttime="20220922 14:37:25.715" endtime="20220922 14:37:25.715"/>
</kw>
<kw name="Add Three Numbers" library="customlibarypython">
<var>${c}</var>
<arg>10</arg>
<arg>20</arg>
<arg>30</arg>
<msg timestamp="20220922 14:37:25.715" level="INFO">${c} = 102030</msg>
<status status="PASS" starttime="20220922 14:37:25.715" endtime="20220922 14:37:25.716"/>
</kw>
<kw name="Log To Console" library="BuiltIn">
<arg>${c}</arg>
<doc>Logs the given message to the console.</doc>
<status status="PASS" starttime="20220922 14:37:25.716" endtime="20220922 14:37:25.716"/>
</kw>
<status status="PASS" starttime="20220922 14:37:25.702" endtime="20220922 14:37:25.717"/>
</test>
<status status="PASS" starttime="20220922 14:37:25.670" endtime="20220922 14:37:25.718"/>
</suite>
<statistics>
<total>
<stat pass="1" fail="0" skip="0">All Tests</stat>
</total>
<tag>
</tag>
<suite>
<stat pass="1" fail="0" skip="0" id="s1" name="Callinglibrary">Callinglibrary</stat>
</suite>
</statistics>
<errors>
</errors>
</robot>
